<?xml version="1.0" encoding="UTF-8"?>
<robot generator="Robot 6.1 (Python 3.11.4 on darwin)" generated="20230731 19:57:28.291" rpa="false" schemaversion="4">
<suite id="s1" name="searchProductTest" source="/Users/ayushisingh/Documents/RobotFrameworkwithPython/TestCases/searchProductTest.robot">
<test id="s1-t1" name="Validating Product Search by Category" line="13">
<kw name="Register Keyword To Run On Failure" library="SeleniumLibrary">
<arg>NONE</arg>
<doc>Sets the keyword to execute, when a SeleniumLibrary keyword fails.</doc>
<msg timestamp="20230731 19:57:28.361" level="INFO">No keyword will be run on failure.</msg>
<status status="PASS" starttime="20230731 19:57:28.361" endtime="20230731 19:57:28.361"/>
</kw>
<kw name="Open Browser" library="SeleniumLibrary">
<arg>${URL}</arg>
<arg>${BROWSER}</arg>
<doc>Opens a new browser instance to the optional ``url``.</doc>
<msg timestamp="20230731 19:57:28.362" level="INFO">Opening browser 'Chrome' to base url 'https://www.ebay.com/'.</msg>
<msg timestamp="20230731 19:57:28.363" level="INFO">Executing: /Users/ayushisingh/Documents/RobotFrameworkwithPython/venv/lib/python3.11/site-packages/selenium/webdriver/common/macos/selenium-manager --browser chrome --output json</msg>
<status status="PASS" starttime="20230731 19:57:28.362" endtime="20230731 19:57:32.237"/>
</kw>
<kw name="Sleep" library="BuiltIn">
<arg>1 seconds</arg>
<doc>Pauses the test executed for the given time.</doc>
<msg timestamp="20230731 19:57:33.240" level="INFO">Slept 1 second</msg>
<status status="PASS" starttime="20230731 19:57:32.237" endtime="20230731 19:57:33.240"/>
</kw>
<kw name="Click Element" library="SeleniumLibrary">
<arg>xpath://*[@id="gdpr-banner-accept"]</arg>
<doc>Click the element identified by ``locator``.</doc>
<msg timestamp="20230731 19:57:33.241" level="INFO">Clicking element 'xpath://*[@id="gdpr-banner-accept"]'.</msg>
<status status="PASS" starttime="20230731 19:57:33.240" endtime="20230731 19:57:33.300"/>
</kw>
<kw name="Input Text" library="SeleniumLibrary">
<arg>xpath://input[@aria-label='Search for anything']</arg>
<arg>${searchProduct}</arg>
<doc>Types the given ``text`` into the text field identified by ``locator``.</doc>
<msg timestamp="20230731 19:57:33.301" level="INFO">Typing text 'MacBook' into text field 'xpath://input[@aria-label='Search for anything']'.</msg>
<status status="PASS" starttime="20230731 19:57:33.301" endtime="20230731 19:57:33.417"/>
</kw>
<kw name="Select From List By Label" library="SeleniumLibrary">
<arg>//select[@aria-label='Select a category for search']</arg>
<arg>${searchCategory}</arg>
<doc>Selects options from selection list ``locator`` by ``labels``.</doc>
<msg timestamp="20230731 19:57:33.417" level="INFO">Selecting options from selection list '//select[@aria-label='Select a category for search']' by label Computers/Tablets &amp; Networking.</msg>
<status status="PASS" starttime="20230731 19:57:33.417" endtime="20230731 19:57:33.462"/>
</kw>
<kw name="Click Element" library="SeleniumLibrary">
<arg>//input[@value='Search']</arg>
<doc>Click the element identified by ``locator``.</doc>
<msg timestamp="20230731 19:57:33.463" level="INFO">Clicking element '//input[@value='Search']'.</msg>
<status status="PASS" starttime="20230731 19:57:33.463" endtime="20230731 19:57:35.445"/>
</kw>
<kw name="Element Should Contain" library="SeleniumLibrary">
<arg>xpath://*[@id="item4d8cbf0397"]/div/div[2]/a</arg>
<arg>${searchProduct}</arg>
<arg>Not Matched</arg>
<arg>True</arg>
<doc>Verifies that element ``locator`` contains text ``expected``.</doc>
<msg timestamp="20230731 19:57:35.530" level="INFO">Element 'xpath://*[@id="item4d8cbf0397"]/div/div[2]/a' contains text 'MacBook'.</msg>
<status status="PASS" starttime="20230731 19:57:35.445" endtime="20230731 19:57:35.530"/>
</kw>
<kw name="Close Browser" library="SeleniumLibrary">
<doc>Closes the current browser.</doc>
<status status="PASS" starttime="20230731 19:57:35.530" endtime="20230731 19:57:35.608"/>
</kw>
<status status="PASS" starttime="20230731 19:57:28.361" endtime="20230731 19:57:35.609"/>
</test>
<status status="PASS" starttime="20230731 19:57:28.292" endtime="20230731 19:57:35.609"/>
</suite>
<statistics>
<total>
<stat pass="1" fail="0" skip="0">All Tests</stat>
</total>
<tag>
</tag>
<suite>
<stat pass="1" fail="0" skip="0" id="s1" name="searchProductTest">searchProductTest</stat>
</suite>
</statistics>
<errors>
</errors>
</robot>
